{"C:\\Users\\pc\\Documents\\test-jest\\test-React\\src\\App.js": {"path":"C:\\Users\\pc\\Documents\\test-jest\\test-React\\src\\App.js","statementMap":{"0":{"start":{"line":11,"column":2},"end":{"line":23,"column":3}},"1":{"start":{"line":17,"column":28},"end":{"line":17,"column":95}}},"fnMap":{"0":{"name":"(anonymous_0)","decl":{"start":{"line":10,"column":1},"end":{"line":10,"column":2}},"loc":{"start":{"line":10,"column":10},"end":{"line":24,"column":2}},"line":10},"1":{"name":"(anonymous_1)","decl":{"start":{"line":17,"column":14},"end":{"line":17,"column":15}},"loc":{"start":{"line":17,"column":28},"end":{"line":17,"column":95}},"line":17}},"branchMap":{},"s":{"0":0,"1":0},"f":{"0":0,"1":0},"b":{},"hash":"293437890e315345d98c20e2e097215238c2a9e9"}
,"C:\\Users\\pc\\Documents\\test-jest\\test-React\\src\\babel.config.js": {"path":"C:\\Users\\pc\\Documents\\test-jest\\test-React\\src\\babel.config.js","statementMap":{"0":{"start":{"line":1,"column":0},"end":{"line":3,"column":4}}},"fnMap":{},"branchMap":{},"s":{"0":0},"f":{},"b":{},"hash":"519b7984bc032ae25449a76b7a58a51d6ad1f12c"}
,"C:\\Users\\pc\\Documents\\test-jest\\test-React\\src\\index.js": {"path":"C:\\Users\\pc\\Documents\\test-jest\\test-React\\src\\index.js","statementMap":{"0":{"start":{"line":17,"column":16},"end":{"line":17,"column":35}},"1":{"start":{"line":18,"column":13},"end":{"line":18,"column":35}},"2":{"start":{"line":20,"column":14},"end":{"line":20,"column":104}},"3":{"start":{"line":21,"column":0},"end":{"line":21,"column":34}},"4":{"start":{"line":22,"column":0},"end":{"line":22,"column":32}},"5":{"start":{"line":24,"column":0},"end":{"line":35,"column":2}}},"fnMap":{},"branchMap":{},"s":{"0":0,"1":0,"2":0,"3":0,"4":0,"5":0},"f":{},"b":{},"hash":"21ddd64d2ca428a347b35229ad0b8dffd966ee2f"}
,"C:\\Users\\pc\\Documents\\test-jest\\test-React\\src\\utils.js": {"path":"C:\\Users\\pc\\Documents\\test-jest\\test-React\\src\\utils.js","statementMap":{"0":{"start":{"line":1,"column":22},"end":{"line":1,"column":56}},"1":{"start":{"line":1,"column":29},"end":{"line":1,"column":56}},"2":{"start":{"line":5,"column":12},"end":{"line":5,"column":16}},"3":{"start":{"line":6,"column":12},"end":{"line":6,"column":20}},"4":{"start":{"line":7,"column":13},"end":{"line":7,"column":21}},"5":{"start":{"line":8,"column":12},"end":{"line":8,"column":21}},"6":{"start":{"line":11,"column":4},"end":{"line":11,"column":20}},"7":{"start":{"line":15,"column":4},"end":{"line":15,"column":35}}},"fnMap":{"0":{"name":"(anonymous_0)","decl":{"start":{"line":1,"column":22},"end":{"line":1,"column":23}},"loc":{"start":{"line":1,"column":29},"end":{"line":1,"column":56}},"line":1},"1":{"name":"timestampToDays","decl":{"start":{"line":10,"column":16},"end":{"line":10,"column":31}},"loc":{"start":{"line":10,"column":36},"end":{"line":12,"column":1}},"line":10},"2":{"name":"generateId","decl":{"start":{"line":14,"column":16},"end":{"line":14,"column":26}},"loc":{"start":{"line":14,"column":29},"end":{"line":16,"column":1}},"line":14}},"branchMap":{},"s":{"0":3,"1":1,"2":3,"3":3,"4":3,"5":3,"6":3,"7":1},"f":{"0":1,"1":3,"2":1},"b":{},"_coverageSchema":"43e27e138ebf9cfc5966b082cf9a028302ed4184","hash":"c2f90087d91d30df82301768845958035e79da17"}
,"C:\\Users\\pc\\Documents\\test-jest\\test-React\\src\\webpack.config.js": {"path":"C:\\Users\\pc\\Documents\\test-jest\\test-React\\src\\webpack.config.js","statementMap":{"0":{"start":{"line":1,"column":0},"end":{"line":5,"column":2}},"1":{"start":{"line":1,"column":9},"end":{"line":5,"column":2}}},"fnMap":{},"branchMap":{},"s":{"0":0,"1":0},"f":{},"b":{},"hash":"86b444c989468b9ea5a755b780c0d815c51e24cc"}
,"C:\\Users\\pc\\Documents\\test-jest\\test-React\\src\\actions\\categories.js": {"path":"C:\\Users\\pc\\Documents\\test-jest\\test-React\\src\\actions\\categories.js","statementMap":{"0":{"start":{"line":1,"column":34},"end":{"line":1,"column":54}},"1":{"start":{"line":2,"column":34},"end":{"line":2,"column":54}},"2":{"start":{"line":4,"column":26},"end":{"line":6,"column":2}},"3":{"start":{"line":4,"column":33},"end":{"line":6,"column":1}},"4":{"start":{"line":8,"column":26},"end":{"line":11,"column":2}},"5":{"start":{"line":8,"column":37},"end":{"line":11,"column":1}},"6":{"start":{"line":10,"column":35},"end":{"line":10,"column":43}},"7":{"start":{"line":13,"column":31},"end":{"line":17,"column":1}},"8":{"start":{"line":13,"column":37},"end":{"line":17,"column":1}},"9":{"start":{"line":14,"column":2},"end":{"line":14,"column":32}},"10":{"start":{"line":15,"column":15},"end":{"line":15,"column":42}},"11":{"start":{"line":16,"column":2},"end":{"line":16,"column":36}}},"fnMap":{"0":{"name":"(anonymous_0)","decl":{"start":{"line":4,"column":26},"end":{"line":4,"column":27}},"loc":{"start":{"line":4,"column":33},"end":{"line":6,"column":1}},"line":4},"1":{"name":"(anonymous_1)","decl":{"start":{"line":8,"column":26},"end":{"line":8,"column":27}},"loc":{"start":{"line":8,"column":37},"end":{"line":11,"column":1}},"line":8},"2":{"name":"(anonymous_2)","decl":{"start":{"line":10,"column":23},"end":{"line":10,"column":24}},"loc":{"start":{"line":10,"column":35},"end":{"line":10,"column":43}},"line":10},"3":{"name":"(anonymous_3)","decl":{"start":{"line":13,"column":31},"end":{"line":13,"column":32}},"loc":{"start":{"line":13,"column":37},"end":{"line":17,"column":1}},"line":13},"4":{"name":"(anonymous_4)","decl":{"start":{"line":13,"column":37},"end":{"line":13,"column":38}},"loc":{"start":{"line":13,"column":76},"end":{"line":17,"column":1}},"line":13}},"branchMap":{},"s":{"0":0,"1":0,"2":0,"3":0,"4":0,"5":0,"6":0,"7":0,"8":0,"9":0,"10":0,"11":0},"f":{"0":0,"1":0,"2":0,"3":0,"4":0},"b":{},"hash":"278d8a420dceb548f42cb900bceb2fd9a5426702"}
,"C:\\Users\\pc\\Documents\\test-jest\\test-React\\src\\actions\\products.js": {"path":"C:\\Users\\pc\\Documents\\test-jest\\test-React\\src\\actions\\products.js","statementMap":{"0":{"start":{"line":3,"column":32},"end":{"line":3,"column":50}},"1":{"start":{"line":4,"column":32},"end":{"line":4,"column":50}},"2":{"start":{"line":5,"column":30},"end":{"line":5,"column":46}},"3":{"start":{"line":6,"column":30},"end":{"line":6,"column":46}},"4":{"start":{"line":7,"column":30},"end":{"line":7,"column":46}},"5":{"start":{"line":9,"column":24},"end":{"line":11,"column":2}},"6":{"start":{"line":9,"column":31},"end":{"line":11,"column":1}},"7":{"start":{"line":13,"column":29},"end":{"line":16,"column":2}},"8":{"start":{"line":13,"column":38},"end":{"line":16,"column":1}},"9":{"start":{"line":18,"column":29},"end":{"line":22,"column":2}},"10":{"start":{"line":18,"column":44},"end":{"line":22,"column":1}},"11":{"start":{"line":24,"column":29},"end":{"line":27,"column":2}},"12":{"start":{"line":24,"column":40},"end":{"line":27,"column":1}},"13":{"start":{"line":29,"column":24},"end":{"line":32,"column":2}},"14":{"start":{"line":29,"column":35},"end":{"line":32,"column":1}},"15":{"start":{"line":31,"column":32},"end":{"line":31,"column":39}},"16":{"start":{"line":34,"column":29},"end":{"line":38,"column":1}},"17":{"start":{"line":34,"column":35},"end":{"line":38,"column":1}},"18":{"start":{"line":35,"column":2},"end":{"line":35,"column":30}},"19":{"start":{"line":36,"column":15},"end":{"line":36,"column":39}},"20":{"start":{"line":37,"column":2},"end":{"line":37,"column":34}},"21":{"start":{"line":40,"column":33},"end":{"line":43,"column":1}},"22":{"start":{"line":40,"column":47},"end":{"line":43,"column":1}},"23":{"start":{"line":41,"column":2},"end":{"line":41,"column":36}},"24":{"start":{"line":42,"column":2},"end":{"line":42,"column":20}},"25":{"start":{"line":45,"column":33},"end":{"line":48,"column":1}},"26":{"start":{"line":45,"column":43},"end":{"line":48,"column":1}},"27":{"start":{"line":46,"column":2},"end":{"line":46,"column":32}},"28":{"start":{"line":47,"column":2},"end":{"line":47,"column":20}}},"fnMap":{"0":{"name":"(anonymous_0)","decl":{"start":{"line":9,"column":24},"end":{"line":9,"column":25}},"loc":{"start":{"line":9,"column":31},"end":{"line":11,"column":1}},"line":9},"1":{"name":"(anonymous_1)","decl":{"start":{"line":13,"column":29},"end":{"line":13,"column":30}},"loc":{"start":{"line":13,"column":38},"end":{"line":16,"column":1}},"line":13},"2":{"name":"(anonymous_2)","decl":{"start":{"line":18,"column":29},"end":{"line":18,"column":30}},"loc":{"start":{"line":18,"column":44},"end":{"line":22,"column":1}},"line":18},"3":{"name":"(anonymous_3)","decl":{"start":{"line":24,"column":29},"end":{"line":24,"column":30}},"loc":{"start":{"line":24,"column":40},"end":{"line":27,"column":1}},"line":24},"4":{"name":"(anonymous_4)","decl":{"start":{"line":29,"column":24},"end":{"line":29,"column":25}},"loc":{"start":{"line":29,"column":35},"end":{"line":32,"column":1}},"line":29},"5":{"name":"(anonymous_5)","decl":{"start":{"line":31,"column":21},"end":{"line":31,"column":22}},"loc":{"start":{"line":31,"column":32},"end":{"line":31,"column":39}},"line":31},"6":{"name":"(anonymous_6)","decl":{"start":{"line":34,"column":29},"end":{"line":34,"column":30}},"loc":{"start":{"line":34,"column":35},"end":{"line":38,"column":1}},"line":34},"7":{"name":"(anonymous_7)","decl":{"start":{"line":34,"column":35},"end":{"line":34,"column":36}},"loc":{"start":{"line":34,"column":47},"end":{"line":38,"column":1}},"line":34},"8":{"name":"(anonymous_8)","decl":{"start":{"line":40,"column":33},"end":{"line":40,"column":34}},"loc":{"start":{"line":40,"column":47},"end":{"line":43,"column":1}},"line":40},"9":{"name":"(anonymous_9)","decl":{"start":{"line":40,"column":47},"end":{"line":40,"column":48}},"loc":{"start":{"line":40,"column":82},"end":{"line":43,"column":1}},"line":40},"10":{"name":"(anonymous_10)","decl":{"start":{"line":45,"column":33},"end":{"line":45,"column":34}},"loc":{"start":{"line":45,"column":43},"end":{"line":48,"column":1}},"line":45},"11":{"name":"(anonymous_11)","decl":{"start":{"line":45,"column":43},"end":{"line":45,"column":44}},"loc":{"start":{"line":45,"column":78},"end":{"line":48,"column":1}},"line":45}},"branchMap":{},"s":{"0":2,"1":2,"2":2,"3":2,"4":2,"5":2,"6":0,"7":2,"8":1,"9":2,"10":3,"11":2,"12":3,"13":2,"14":0,"15":0,"16":2,"17":0,"18":0,"19":0,"20":0,"21":2,"22":2,"23":2,"24":2,"25":2,"26":2,"27":2,"28":2},"f":{"0":0,"1":1,"2":3,"3":3,"4":0,"5":0,"6":0,"7":0,"8":2,"9":2,"10":2,"11":2},"b":{},"_coverageSchema":"43e27e138ebf9cfc5966b082cf9a028302ed4184","hash":"845540a7b8623aca19c2bf57285e00cde853a3f7"}
,"C:\\Users\\pc\\Documents\\test-jest\\test-React\\src\\components\\Header\\Header.js": {"path":"C:\\Users\\pc\\Documents\\test-jest\\test-React\\src\\components\\Header\\Header.js","statementMap":{"0":{"start":{"line":5,"column":15},"end":{"line":13,"column":1}},"1":{"start":{"line":6,"column":4},"end":{"line":12,"column":15}},"2":{"start":{"line":15,"column":0},"end":{"line":17,"column":2}}},"fnMap":{"0":{"name":"(anonymous_0)","decl":{"start":{"line":5,"column":15},"end":{"line":5,"column":16}},"loc":{"start":{"line":6,"column":4},"end":{"line":12,"column":15}},"line":6}},"branchMap":{},"s":{"0":1,"1":1,"2":1},"f":{"0":1},"b":{},"_coverageSchema":"43e27e138ebf9cfc5966b082cf9a028302ed4184","hash":"791c67786ce879b3d78367238108d08645ce2c4f"}
,"C:\\Users\\pc\\Documents\\test-jest\\test-React\\src\\components\\Main\\Main.js": {"path":"C:\\Users\\pc\\Documents\\test-jest\\test-React\\src\\components\\Main\\Main.js","statementMap":{"0":{"start":{"line":4,"column":13},"end":{"line":4,"column":54}},"1":{"start":{"line":4,"column":32},"end":{"line":4,"column":53}},"2":{"start":{"line":6,"column":0},"end":{"line":8,"column":2}}},"fnMap":{"0":{"name":"(anonymous_0)","decl":{"start":{"line":4,"column":13},"end":{"line":4,"column":14}},"loc":{"start":{"line":4,"column":32},"end":{"line":4,"column":53}},"line":4}},"branchMap":{},"s":{"0":0,"1":0,"2":0},"f":{"0":0},"b":{},"hash":"0b5aae5c8bac0904971572e1c749ab9fceda2f29"}
,"C:\\Users\\pc\\Documents\\test-jest\\test-React\\src\\components\\NotFound\\NotFound.js": {"path":"C:\\Users\\pc\\Documents\\test-jest\\test-React\\src\\components\\NotFound\\NotFound.js","statementMap":{"0":{"start":{"line":3,"column":17},"end":{"line":3,"column":43}},"1":{"start":{"line":3,"column":24},"end":{"line":3,"column":42}}},"fnMap":{"0":{"name":"(anonymous_0)","decl":{"start":{"line":3,"column":17},"end":{"line":3,"column":18}},"loc":{"start":{"line":3,"column":24},"end":{"line":3,"column":42}},"line":3}},"branchMap":{},"s":{"0":0,"1":0},"f":{"0":0},"b":{},"hash":"2b18eeff427718f5aa28418a5052c49064141bef"}
,"C:\\Users\\pc\\Documents\\test-jest\\test-React\\src\\components\\Products\\Product.js": {"path":"C:\\Users\\pc\\Documents\\test-jest\\test-React\\src\\components\\Products\\Product.js","statementMap":{"0":{"start":{"line":7,"column":24},"end":{"line":7,"column":36}},"1":{"start":{"line":8,"column":23},"end":{"line":8,"column":43}},"2":{"start":{"line":10,"column":16},"end":{"line":44,"column":1}},"3":{"start":{"line":11,"column":23},"end":{"line":11,"column":102}},"4":{"start":{"line":12,"column":26},"end":{"line":12,"column":111}},"5":{"start":{"line":13,"column":20},"end":{"line":13,"column":94}},"6":{"start":{"line":15,"column":2},"end":{"line":43,"column":4}},"7":{"start":{"line":20,"column":39},"end":{"line":20,"column":59}},"8":{"start":{"line":32,"column":18},"end":{"line":32,"column":60}},"9":{"start":{"line":46,"column":0},"end":{"line":49,"column":2}}},"fnMap":{"0":{"name":"(anonymous_0)","decl":{"start":{"line":10,"column":16},"end":{"line":10,"column":17}},"loc":{"start":{"line":10,"column":43},"end":{"line":44,"column":1}},"line":10},"1":{"name":"(anonymous_1)","decl":{"start":{"line":20,"column":33},"end":{"line":20,"column":34}},"loc":{"start":{"line":20,"column":39},"end":{"line":20,"column":59}},"line":20},"2":{"name":"(anonymous_2)","decl":{"start":{"line":31,"column":40},"end":{"line":31,"column":41}},"loc":{"start":{"line":32,"column":18},"end":{"line":32,"column":60}},"line":32}},"branchMap":{"0":{"loc":{"start":{"line":11,"column":23},"end":{"line":11,"column":102}},"type":"cond-expr","locations":[{"start":{"line":11,"column":45},"end":{"line":11,"column":96}},{"start":{"line":11,"column":99},"end":{"line":11,"column":102}}],"line":11},"1":{"loc":{"start":{"line":12,"column":26},"end":{"line":12,"column":111}},"type":"cond-expr","locations":[{"start":{"line":12,"column":51},"end":{"line":12,"column":105}},{"start":{"line":12,"column":108},"end":{"line":12,"column":111}}],"line":12},"2":{"loc":{"start":{"line":13,"column":20},"end":{"line":13,"column":94}},"type":"cond-expr","locations":[{"start":{"line":13,"column":40},"end":{"line":13,"column":88}},{"start":{"line":13,"column":91},"end":{"line":13,"column":94}}],"line":13},"3":{"loc":{"start":{"line":26,"column":38},"end":{"line":26,"column":69}},"type":"cond-expr","locations":[{"start":{"line":26,"column":57},"end":{"line":26,"column":62}},{"start":{"line":26,"column":65},"end":{"line":26,"column":69}}],"line":26}},"s":{"0":0,"1":0,"2":0,"3":0,"4":0,"5":0,"6":0,"7":0,"8":0,"9":0},"f":{"0":0,"1":0,"2":0},"b":{"0":[0,0],"1":[0,0],"2":[0,0],"3":[0,0]},"hash":"114da88778a4fe36e5d2749441772c82d9c447a8"}
,"C:\\Users\\pc\\Documents\\test-jest\\test-React\\src\\components\\Products\\ProductsContainer.js": {"path":"C:\\Users\\pc\\Documents\\test-jest\\test-React\\src\\components\\Products\\ProductsContainer.js","statementMap":{"0":{"start":{"line":11,"column":35},"end":{"line":11,"column":45}},"1":{"start":{"line":13,"column":4},"end":{"line":18,"column":6}},"2":{"start":{"line":16,"column":60},"end":{"line":16,"column":87}},"3":{"start":{"line":22,"column":0},"end":{"line":25,"column":2}},"4":{"start":{"line":27,"column":24},"end":{"line":42,"column":1}},"5":{"start":{"line":28,"column":25},"end":{"line":28,"column":49}},"6":{"start":{"line":30,"column":19},"end":{"line":37,"column":4}},"7":{"start":{"line":31,"column":24},"end":{"line":31,"column":72}},"8":{"start":{"line":31,"column":53},"end":{"line":31,"column":71}},"9":{"start":{"line":33,"column":4},"end":{"line":36,"column":6}},"10":{"start":{"line":39,"column":2},"end":{"line":41,"column":3}}},"fnMap":{"0":{"name":"(anonymous_0)","decl":{"start":{"line":10,"column":2},"end":{"line":10,"column":3}},"loc":{"start":{"line":10,"column":11},"end":{"line":19,"column":3}},"line":10},"1":{"name":"(anonymous_1)","decl":{"start":{"line":16,"column":52},"end":{"line":16,"column":53}},"loc":{"start":{"line":16,"column":60},"end":{"line":16,"column":87}},"line":16},"2":{"name":"(anonymous_2)","decl":{"start":{"line":27,"column":24},"end":{"line":27,"column":25}},"loc":{"start":{"line":27,"column":35},"end":{"line":42,"column":1}},"line":27},"3":{"name":"(anonymous_3)","decl":{"start":{"line":30,"column":38},"end":{"line":30,"column":39}},"loc":{"start":{"line":30,"column":49},"end":{"line":37,"column":3}},"line":30},"4":{"name":"(anonymous_4)","decl":{"start":{"line":31,"column":47},"end":{"line":31,"column":48}},"loc":{"start":{"line":31,"column":53},"end":{"line":31,"column":71}},"line":31}},"branchMap":{},"s":{"0":0,"1":0,"2":0,"3":0,"4":0,"5":0,"6":0,"7":0,"8":0,"9":0,"10":0},"f":{"0":0,"1":0,"2":0,"3":0,"4":0},"b":{},"hash":"c1475020bd44c2bc34af821535078c2c8b60613c"}
,"C:\\Users\\pc\\Documents\\test-jest\\test-React\\src\\components\\Products\\ProductsList.js": {"path":"C:\\Users\\pc\\Documents\\test-jest\\test-React\\src\\components\\Products\\ProductsList.js","statementMap":{"0":{"start":{"line":7,"column":20},"end":{"line":23,"column":1}},"1":{"start":{"line":8,"column":25},"end":{"line":8,"column":43}},"2":{"start":{"line":10,"column":2},"end":{"line":22,"column":4}},"3":{"start":{"line":13,"column":8},"end":{"line":19,"column":14}},"4":{"start":{"line":15,"column":12},"end":{"line":17,"column":18}},"5":{"start":{"line":25,"column":0},"end":{"line":28,"column":2}}},"fnMap":{"0":{"name":"(anonymous_0)","decl":{"start":{"line":7,"column":20},"end":{"line":7,"column":21}},"loc":{"start":{"line":7,"column":48},"end":{"line":23,"column":1}},"line":7},"1":{"name":"(anonymous_1)","decl":{"start":{"line":12,"column":26},"end":{"line":12,"column":27}},"loc":{"start":{"line":13,"column":8},"end":{"line":19,"column":14}},"line":13},"2":{"name":"(anonymous_2)","decl":{"start":{"line":14,"column":29},"end":{"line":14,"column":30}},"loc":{"start":{"line":15,"column":12},"end":{"line":17,"column":18}},"line":15}},"branchMap":{},"s":{"0":0,"1":0,"2":0,"3":0,"4":0,"5":0},"f":{"0":0,"1":0,"2":0},"b":{},"hash":"8dd8aabbb6cacb2109c762499a83eb4e6e0acddd"}
,"C:\\Users\\pc\\Documents\\test-jest\\test-React\\src\\components\\Products\\Add\\AddFormContainer.js": {"path":"C:\\Users\\pc\\Documents\\test-jest\\test-React\\src\\components\\Products\\Add\\AddFormContainer.js","statementMap":{"0":{"start":{"line":10,"column":39},"end":{"line":10,"column":49}},"1":{"start":{"line":12,"column":8},"end":{"line":22,"column":10}},"2":{"start":{"line":17,"column":24},"end":{"line":17,"column":58}},"3":{"start":{"line":26,"column":0},"end":{"line":28,"column":2}},"4":{"start":{"line":30,"column":24},"end":{"line":34,"column":1}},"5":{"start":{"line":31,"column":4},"end":{"line":33,"column":5}}},"fnMap":{"0":{"name":"(anonymous_0)","decl":{"start":{"line":9,"column":4},"end":{"line":9,"column":5}},"loc":{"start":{"line":9,"column":13},"end":{"line":23,"column":5}},"line":9},"1":{"name":"(anonymous_1)","decl":{"start":{"line":16,"column":28},"end":{"line":16,"column":29}},"loc":{"start":{"line":16,"column":38},"end":{"line":18,"column":21}},"line":16},"2":{"name":"(anonymous_2)","decl":{"start":{"line":30,"column":24},"end":{"line":30,"column":25}},"loc":{"start":{"line":30,"column":35},"end":{"line":34,"column":1}},"line":30}},"branchMap":{},"s":{"0":0,"1":0,"2":0,"3":0,"4":0,"5":0},"f":{"0":0,"1":0,"2":0},"b":{},"hash":"8316bda650a1ba6395dd0fd491d90b9c96ffe342"}
,"C:\\Users\\pc\\Documents\\test-jest\\test-React\\src\\components\\Products\\Update\\ProductForm.js": {"path":"C:\\Users\\pc\\Documents\\test-jest\\test-React\\src\\components\\Products\\Update\\ProductForm.js","statementMap":{"0":{"start":{"line":7,"column":20},"end":{"line":140,"column":1}},"1":{"start":{"line":8,"column":29},"end":{"line":8,"column":34}},"2":{"start":{"line":10,"column":28},"end":{"line":10,"column":56}},"3":{"start":{"line":11,"column":30},"end":{"line":11,"column":59}},"4":{"start":{"line":12,"column":32},"end":{"line":12,"column":61}},"5":{"start":{"line":13,"column":40},"end":{"line":13,"column":74}},"6":{"start":{"line":14,"column":44},"end":{"line":14,"column":79}},"7":{"start":{"line":15,"column":42},"end":{"line":15,"column":77}},"8":{"start":{"line":16,"column":48},"end":{"line":16,"column":86}},"9":{"start":{"line":17,"column":36},"end":{"line":17,"column":71}},"10":{"start":{"line":19,"column":21},"end":{"line":35,"column":5}},"11":{"start":{"line":20,"column":8},"end":{"line":20,"column":27}},"12":{"start":{"line":22,"column":8},"end":{"line":24,"column":9}},"13":{"start":{"line":23,"column":12},"end":{"line":23,"column":70}},"14":{"start":{"line":25,"column":6},"end":{"line":34,"column":11}},"15":{"start":{"line":37,"column":4},"end":{"line":139,"column":6}},"16":{"start":{"line":48,"column":46},"end":{"line":48,"column":67}},"17":{"start":{"line":60,"column":46},"end":{"line":60,"column":68}},"18":{"start":{"line":71,"column":24},"end":{"line":71,"column":47}},"19":{"start":{"line":72,"column":24},"end":{"line":72,"column":81}},"20":{"start":{"line":78,"column":24},"end":{"line":78,"column":62}},"21":{"start":{"line":93,"column":24},"end":{"line":93,"column":208}},"22":{"start":{"line":93,"column":98},"end":{"line":93,"column":135}},"23":{"start":{"line":93,"column":178},"end":{"line":93,"column":206}},"24":{"start":{"line":98,"column":24},"end":{"line":98,"column":67}},"25":{"start":{"line":106,"column":46},"end":{"line":106,"column":75}},"26":{"start":{"line":118,"column":46},"end":{"line":118,"column":77}},"27":{"start":{"line":126,"column":46},"end":{"line":126,"column":74}},"28":{"start":{"line":132,"column":50},"end":{"line":132,"column":77}},"29":{"start":{"line":142,"column":0},"end":{"line":146,"column":2}}},"fnMap":{"0":{"name":"(anonymous_0)","decl":{"start":{"line":7,"column":20},"end":{"line":7,"column":21}},"loc":{"start":{"line":7,"column":31},"end":{"line":140,"column":1}},"line":7},"1":{"name":"(anonymous_1)","decl":{"start":{"line":19,"column":21},"end":{"line":19,"column":22}},"loc":{"start":{"line":19,"column":28},"end":{"line":35,"column":5}},"line":19},"2":{"name":"(anonymous_2)","decl":{"start":{"line":48,"column":30},"end":{"line":48,"column":31}},"loc":{"start":{"line":48,"column":46},"end":{"line":48,"column":67}},"line":48},"3":{"name":"(anonymous_3)","decl":{"start":{"line":60,"column":30},"end":{"line":60,"column":31}},"loc":{"start":{"line":60,"column":46},"end":{"line":60,"column":68}},"line":60},"4":{"name":"(anonymous_4)","decl":{"start":{"line":70,"column":30},"end":{"line":70,"column":31}},"loc":{"start":{"line":70,"column":46},"end":{"line":73,"column":21}},"line":70},"5":{"name":"(anonymous_5)","decl":{"start":{"line":77,"column":36},"end":{"line":77,"column":37}},"loc":{"start":{"line":78,"column":24},"end":{"line":78,"column":62}},"line":78},"6":{"name":"(anonymous_6)","decl":{"start":{"line":92,"column":30},"end":{"line":92,"column":31}},"loc":{"start":{"line":92,"column":45},"end":{"line":94,"column":25}},"line":92},"7":{"name":"(anonymous_7)","decl":{"start":{"line":93,"column":86},"end":{"line":93,"column":87}},"loc":{"start":{"line":93,"column":98},"end":{"line":93,"column":135}},"line":93},"8":{"name":"(anonymous_8)","decl":{"start":{"line":93,"column":171},"end":{"line":93,"column":172}},"loc":{"start":{"line":93,"column":178},"end":{"line":93,"column":206}},"line":93},"9":{"name":"(anonymous_9)","decl":{"start":{"line":97,"column":42},"end":{"line":97,"column":43}},"loc":{"start":{"line":98,"column":24},"end":{"line":98,"column":67}},"line":98},"10":{"name":"(anonymous_10)","decl":{"start":{"line":106,"column":30},"end":{"line":106,"column":31}},"loc":{"start":{"line":106,"column":46},"end":{"line":106,"column":75}},"line":106},"11":{"name":"(anonymous_11)","decl":{"start":{"line":118,"column":30},"end":{"line":118,"column":31}},"loc":{"start":{"line":118,"column":46},"end":{"line":118,"column":77}},"line":118},"12":{"name":"(anonymous_12)","decl":{"start":{"line":126,"column":30},"end":{"line":126,"column":31}},"loc":{"start":{"line":126,"column":46},"end":{"line":126,"column":74}},"line":126},"13":{"name":"(anonymous_13)","decl":{"start":{"line":132,"column":34},"end":{"line":132,"column":35}},"loc":{"start":{"line":132,"column":50},"end":{"line":132,"column":77}},"line":132}},"branchMap":{"0":{"loc":{"start":{"line":8,"column":12},"end":{"line":8,"column":24}},"type":"default-arg","locations":[{"start":{"line":8,"column":22},"end":{"line":8,"column":24}}],"line":8},"1":{"loc":{"start":{"line":10,"column":37},"end":{"line":10,"column":55}},"type":"binary-expr","locations":[{"start":{"line":10,"column":37},"end":{"line":10,"column":49}},{"start":{"line":10,"column":53},"end":{"line":10,"column":55}}],"line":10},"2":{"loc":{"start":{"line":11,"column":39},"end":{"line":11,"column":58}},"type":"binary-expr","locations":[{"start":{"line":11,"column":39},"end":{"line":11,"column":52}},{"start":{"line":11,"column":56},"end":{"line":11,"column":58}}],"line":11},"3":{"loc":{"start":{"line":12,"column":41},"end":{"line":12,"column":60}},"type":"binary-expr","locations":[{"start":{"line":12,"column":41},"end":{"line":12,"column":55}},{"start":{"line":12,"column":59},"end":{"line":12,"column":60}}],"line":12},"4":{"loc":{"start":{"line":13,"column":49},"end":{"line":13,"column":73}},"type":"binary-expr","locations":[{"start":{"line":13,"column":49},"end":{"line":13,"column":67}},{"start":{"line":13,"column":71},"end":{"line":13,"column":73}}],"line":13},"5":{"loc":{"start":{"line":14,"column":53},"end":{"line":14,"column":78}},"type":"binary-expr","locations":[{"start":{"line":14,"column":53},"end":{"line":14,"column":73}},{"start":{"line":14,"column":77},"end":{"line":14,"column":78}}],"line":14},"6":{"loc":{"start":{"line":15,"column":51},"end":{"line":15,"column":76}},"type":"binary-expr","locations":[{"start":{"line":15,"column":51},"end":{"line":15,"column":70}},{"start":{"line":15,"column":74},"end":{"line":15,"column":76}}],"line":15},"7":{"loc":{"start":{"line":16,"column":57},"end":{"line":16,"column":85}},"type":"binary-expr","locations":[{"start":{"line":16,"column":57},"end":{"line":16,"column":79}},{"start":{"line":16,"column":83},"end":{"line":16,"column":85}}],"line":16},"8":{"loc":{"start":{"line":17,"column":45},"end":{"line":17,"column":70}},"type":"binary-expr","locations":[{"start":{"line":17,"column":45},"end":{"line":17,"column":61}},{"start":{"line":17,"column":65},"end":{"line":17,"column":70}}],"line":17},"9":{"loc":{"start":{"line":22,"column":8},"end":{"line":24,"column":9}},"type":"if","locations":[{"start":{"line":22,"column":8},"end":{"line":24,"column":9}},{"start":{"line":22,"column":8},"end":{"line":24,"column":9}}],"line":22},"10":{"loc":{"start":{"line":22,"column":12},"end":{"line":22,"column":96}},"type":"binary-expr","locations":[{"start":{"line":22,"column":12},"end":{"line":22,"column":42}},{"start":{"line":22,"column":46},"end":{"line":22,"column":64}},{"start":{"line":22,"column":68},"end":{"line":22,"column":96}}],"line":22},"11":{"loc":{"start":{"line":72,"column":24},"end":{"line":72,"column":81}},"type":"cond-expr","locations":[{"start":{"line":72,"column":43},"end":{"line":72,"column":60}},{"start":{"line":72,"column":63},"end":{"line":72,"column":81}}],"line":72},"12":{"loc":{"start":{"line":93,"column":24},"end":{"line":93,"column":208}},"type":"cond-expr","locations":[{"start":{"line":93,"column":72},"end":{"line":93,"column":136}},{"start":{"line":93,"column":139},"end":{"line":93,"column":208}}],"line":93}},"s":{"0":1,"1":1,"2":1,"3":1,"4":1,"5":1,"6":1,"7":1,"8":1,"9":1,"10":1,"11":0,"12":0,"13":0,"14":0,"15":1,"16":0,"17":0,"18":0,"19":0,"20":11,"21":0,"22":0,"23":0,"24":11,"25":0,"26":0,"27":0,"28":0,"29":1},"f":{"0":1,"1":0,"2":0,"3":0,"4":0,"5":11,"6":0,"7":0,"8":0,"9":11,"10":0,"11":0,"12":0,"13":0},"b":{"0":[1],"1":[1,1],"2":[1,1],"3":[1,1],"4":[1,1],"5":[1,1],"6":[1,1],"7":[1,1],"8":[1,1],"9":[0,0],"10":[0,0,0],"11":[0,0],"12":[0,0]},"_coverageSchema":"43e27e138ebf9cfc5966b082cf9a028302ed4184","hash":"49eb7d95fb0fe1ac0dfd0dc0a9906c66d5d49cb2"}
,"C:\\Users\\pc\\Documents\\test-jest\\test-React\\src\\components\\Products\\Update\\UpdateFormContainer.js": {"path":"C:\\Users\\pc\\Documents\\test-jest\\test-React\\src\\components\\Products\\Update\\UpdateFormContainer.js","statementMap":{"0":{"start":{"line":11,"column":48},"end":{"line":11,"column":58}},"1":{"start":{"line":13,"column":8},"end":{"line":15,"column":9}},"2":{"start":{"line":14,"column":12},"end":{"line":14,"column":24}},"3":{"start":{"line":17,"column":8},"end":{"line":28,"column":10}},"4":{"start":{"line":22,"column":24},"end":{"line":22,"column":79}},"5":{"start":{"line":32,"column":0},"end":{"line":36,"column":2}},"6":{"start":{"line":38,"column":24},"end":{"line":43,"column":1}},"7":{"start":{"line":39,"column":4},"end":{"line":42,"column":5}}},"fnMap":{"0":{"name":"(anonymous_0)","decl":{"start":{"line":10,"column":4},"end":{"line":10,"column":5}},"loc":{"start":{"line":10,"column":13},"end":{"line":29,"column":5}},"line":10},"1":{"name":"(anonymous_1)","decl":{"start":{"line":21,"column":28},"end":{"line":21,"column":29}},"loc":{"start":{"line":21,"column":38},"end":{"line":22,"column":80}},"line":21},"2":{"name":"(anonymous_2)","decl":{"start":{"line":38,"column":24},"end":{"line":38,"column":25}},"loc":{"start":{"line":38,"column":48},"end":{"line":43,"column":1}},"line":38}},"branchMap":{"0":{"loc":{"start":{"line":13,"column":8},"end":{"line":15,"column":9}},"type":"if","locations":[{"start":{"line":13,"column":8},"end":{"line":15,"column":9}},{"start":{"line":13,"column":8},"end":{"line":15,"column":9}}],"line":13}},"s":{"0":0,"1":0,"2":0,"3":0,"4":0,"5":0,"6":0,"7":0},"f":{"0":0,"1":0,"2":0},"b":{"0":[0,0]},"hash":"378eb9401f7b384abcf4fe9c1d73c32634c59b19"}
,"C:\\Users\\pc\\Documents\\test-jest\\test-React\\src\\components\\Products\\Update\\validators.js": {"path":"C:\\Users\\pc\\Documents\\test-jest\\test-React\\src\\components\\Products\\Update\\validators.js","statementMap":{"0":{"start":{"line":3,"column":27},"end":{"line":5,"column":1}},"1":{"start":{"line":4,"column":1},"end":{"line":4,"column":62}},"2":{"start":{"line":7,"column":33},"end":{"line":9,"column":1}},"3":{"start":{"line":8,"column":1},"end":{"line":8,"column":46}},"4":{"start":{"line":10,"column":27},"end":{"line":14,"column":1}},"5":{"start":{"line":11,"column":14},"end":{"line":11,"column":29}},"6":{"start":{"line":12,"column":15},"end":{"line":12,"column":25}},"7":{"start":{"line":13,"column":1},"end":{"line":13,"column":113}}},"fnMap":{"0":{"name":"(anonymous_0)","decl":{"start":{"line":3,"column":27},"end":{"line":3,"column":28}},"loc":{"start":{"line":3,"column":38},"end":{"line":5,"column":1}},"line":3},"1":{"name":"(anonymous_1)","decl":{"start":{"line":7,"column":33},"end":{"line":7,"column":34}},"loc":{"start":{"line":7,"column":44},"end":{"line":9,"column":1}},"line":7},"2":{"name":"(anonymous_2)","decl":{"start":{"line":10,"column":27},"end":{"line":10,"column":28}},"loc":{"start":{"line":10,"column":38},"end":{"line":14,"column":1}},"line":10}},"branchMap":{"0":{"loc":{"start":{"line":4,"column":8},"end":{"line":4,"column":61}},"type":"binary-expr","locations":[{"start":{"line":4,"column":8},"end":{"line":4,"column":31}},{"start":{"line":4,"column":35},"end":{"line":4,"column":61}}],"line":4},"1":{"loc":{"start":{"line":8,"column":8},"end":{"line":8,"column":45}},"type":"binary-expr","locations":[{"start":{"line":8,"column":8},"end":{"line":8,"column":24}},{"start":{"line":8,"column":28},"end":{"line":8,"column":45}}],"line":8},"2":{"loc":{"start":{"line":13,"column":8},"end":{"line":13,"column":113}},"type":"binary-expr","locations":[{"start":{"line":13,"column":8},"end":{"line":13,"column":42}},{"start":{"line":13,"column":47},"end":{"line":13,"column":113}}],"line":13}},"s":{"0":2,"1":3,"2":2,"3":4,"4":2,"5":4,"6":4,"7":4},"f":{"0":3,"1":4,"2":4},"b":{"0":[3,1],"1":[4,2],"2":[4,3]},"_coverageSchema":"43e27e138ebf9cfc5966b082cf9a028302ed4184","hash":"37e97bd5b27ac7c1f60dea19c2062262e0d6a2a2"}
,"C:\\Users\\pc\\Documents\\test-jest\\test-React\\src\\gateways\\CategoryApi.js": {"path":"C:\\Users\\pc\\Documents\\test-jest\\test-React\\src\\gateways\\CategoryApi.js","statementMap":{"0":{"start":{"line":4,"column":18},"end":{"line":6,"column":3}},"1":{"start":{"line":5,"column":4},"end":{"line":5,"column":22}},"2":{"start":{"line":9,"column":27},"end":{"line":9,"column":44}}},"fnMap":{"0":{"name":"(anonymous_0)","decl":{"start":{"line":4,"column":18},"end":{"line":4,"column":19}},"loc":{"start":{"line":4,"column":24},"end":{"line":6,"column":3}},"line":4}},"branchMap":{},"s":{"0":0,"1":0,"2":0},"f":{"0":0},"b":{},"hash":"28910ffbbf28bece225b7cefd8f329110333d618"}
,"C:\\Users\\pc\\Documents\\test-jest\\test-React\\src\\gateways\\ProductApi.js": {"path":"C:\\Users\\pc\\Documents\\test-jest\\test-React\\src\\gateways\\ProductApi.js","statementMap":{"0":{"start":{"line":4,"column":16},"end":{"line":6,"column":3}},"1":{"start":{"line":5,"column":4},"end":{"line":5,"column":20}},"2":{"start":{"line":9,"column":26},"end":{"line":9,"column":42}}},"fnMap":{"0":{"name":"(anonymous_0)","decl":{"start":{"line":4,"column":16},"end":{"line":4,"column":17}},"loc":{"start":{"line":4,"column":22},"end":{"line":6,"column":3}},"line":4}},"branchMap":{},"s":{"0":2,"1":0,"2":2},"f":{"0":0},"b":{},"_coverageSchema":"43e27e138ebf9cfc5966b082cf9a028302ed4184","hash":"93f9383eb50ab4febee97c8abe3c1c25d78979a8"}
,"C:\\Users\\pc\\Documents\\test-jest\\test-React\\src\\mocks\\categories.js": {"path":"C:\\Users\\pc\\Documents\\test-jest\\test-React\\src\\mocks\\categories.js","statementMap":{"0":{"start":{"line":1,"column":19},"end":{"line":46,"column":1}}},"fnMap":{},"branchMap":{},"s":{"0":1},"f":{},"b":{},"_coverageSchema":"43e27e138ebf9cfc5966b082cf9a028302ed4184","hash":"63c799eec7d7db2bbbe4f4214735f77f288f23ee"}
,"C:\\Users\\pc\\Documents\\test-jest\\test-React\\src\\mocks\\products.js": {"path":"C:\\Users\\pc\\Documents\\test-jest\\test-React\\src\\mocks\\products.js","statementMap":{"0":{"start":{"line":1,"column":15},"end":{"line":38,"column":1}}},"fnMap":{},"branchMap":{},"s":{"0":2},"f":{},"b":{},"_coverageSchema":"43e27e138ebf9cfc5966b082cf9a028302ed4184","hash":"433cbe1fce49b1c4401f922c190aceeab94e0632"}
,"C:\\Users\\pc\\Documents\\test-jest\\test-React\\src\\reducers\\categories.js": {"path":"C:\\Users\\pc\\Documents\\test-jest\\test-React\\src\\reducers\\categories.js","statementMap":{"0":{"start":{"line":4,"column":2},"end":{"line":11,"column":3}},"1":{"start":{"line":6,"column":6},"end":{"line":8,"column":8}},"2":{"start":{"line":10,"column":6},"end":{"line":10,"column":19}},"3":{"start":{"line":15,"column":2},"end":{"line":20,"column":8}},"4":{"start":{"line":16,"column":4},"end":{"line":19,"column":5}}},"fnMap":{"0":{"name":"categories","decl":{"start":{"line":3,"column":16},"end":{"line":3,"column":26}},"loc":{"start":{"line":3,"column":47},"end":{"line":12,"column":1}},"line":3},"1":{"name":"getCategoriesById","decl":{"start":{"line":14,"column":16},"end":{"line":14,"column":33}},"loc":{"start":{"line":14,"column":41},"end":{"line":21,"column":1}},"line":14},"2":{"name":"(anonymous_2)","decl":{"start":{"line":15,"column":33},"end":{"line":15,"column":34}},"loc":{"start":{"line":15,"column":52},"end":{"line":20,"column":3}},"line":15}},"branchMap":{"0":{"loc":{"start":{"line":3,"column":27},"end":{"line":3,"column":37}},"type":"default-arg","locations":[{"start":{"line":3,"column":35},"end":{"line":3,"column":37}}],"line":3},"1":{"loc":{"start":{"line":4,"column":2},"end":{"line":11,"column":3}},"type":"switch","locations":[{"start":{"line":5,"column":4},"end":{"line":8,"column":8}},{"start":{"line":9,"column":4},"end":{"line":10,"column":19}}],"line":4}},"s":{"0":0,"1":0,"2":0,"3":0,"4":0},"f":{"0":0,"1":0,"2":0},"b":{"0":[0],"1":[0,0]},"hash":"066e3ab805d3cbee7474fa91ebde2a26bc39b3e5"}
,"C:\\Users\\pc\\Documents\\test-jest\\test-React\\src\\reducers\\index.js": {"path":"C:\\Users\\pc\\Documents\\test-jest\\test-React\\src\\reducers\\index.js","statementMap":{},"fnMap":{},"branchMap":{},"s":{},"f":{},"b":{},"hash":"01257fdfd28da75493d2aec7d384e317d3fc3109"}
,"C:\\Users\\pc\\Documents\\test-jest\\test-React\\src\\reducers\\products.js": {"path":"C:\\Users\\pc\\Documents\\test-jest\\test-React\\src\\reducers\\products.js","statementMap":{"0":{"start":{"line":6,"column":26},"end":{"line":6,"column":72}},"1":{"start":{"line":6,"column":50},"end":{"line":6,"column":72}},"2":{"start":{"line":9,"column":2},"end":{"line":36,"column":3}},"3":{"start":{"line":11,"column":6},"end":{"line":13,"column":8}},"4":{"start":{"line":15,"column":6},"end":{"line":15,"column":66}},"5":{"start":{"line":15,"column":36},"end":{"line":15,"column":64}},"6":{"start":{"line":17,"column":6},"end":{"line":26,"column":9}},"7":{"start":{"line":18,"column":8},"end":{"line":24,"column":9}},"8":{"start":{"line":19,"column":10},"end":{"line":23,"column":11}},"9":{"start":{"line":25,"column":8},"end":{"line":25,"column":20}},"10":{"start":{"line":28,"column":6},"end":{"line":33,"column":10}},"11":{"start":{"line":35,"column":6},"end":{"line":35,"column":19}},"12":{"start":{"line":40,"column":2},"end":{"line":40,"column":51}},"13":{"start":{"line":40,"column":33},"end":{"line":40,"column":49}}},"fnMap":{"0":{"name":"(anonymous_0)","decl":{"start":{"line":6,"column":26},"end":{"line":6,"column":27}},"loc":{"start":{"line":6,"column":50},"end":{"line":6,"column":72}},"line":6},"1":{"name":"products","decl":{"start":{"line":8,"column":16},"end":{"line":8,"column":24}},"loc":{"start":{"line":8,"column":45},"end":{"line":37,"column":1}},"line":8},"2":{"name":"(anonymous_2)","decl":{"start":{"line":15,"column":26},"end":{"line":15,"column":27}},"loc":{"start":{"line":15,"column":36},"end":{"line":15,"column":64}},"line":15},"3":{"name":"(anonymous_3)","decl":{"start":{"line":17,"column":23},"end":{"line":17,"column":24}},"loc":{"start":{"line":17,"column":33},"end":{"line":26,"column":7}},"line":17},"4":{"name":"getProductById","decl":{"start":{"line":39,"column":16},"end":{"line":39,"column":30}},"loc":{"start":{"line":39,"column":54},"end":{"line":41,"column":1}},"line":39},"5":{"name":"(anonymous_5)","decl":{"start":{"line":40,"column":23},"end":{"line":40,"column":24}},"loc":{"start":{"line":40,"column":33},"end":{"line":40,"column":49}},"line":40}},"branchMap":{"0":{"loc":{"start":{"line":6,"column":50},"end":{"line":6,"column":72}},"type":"binary-expr","locations":[{"start":{"line":6,"column":50},"end":{"line":6,"column":60}},{"start":{"line":6,"column":64},"end":{"line":6,"column":72}}],"line":6},"1":{"loc":{"start":{"line":8,"column":25},"end":{"line":8,"column":35}},"type":"default-arg","locations":[{"start":{"line":8,"column":33},"end":{"line":8,"column":35}}],"line":8},"2":{"loc":{"start":{"line":9,"column":2},"end":{"line":36,"column":3}},"type":"switch","locations":[{"start":{"line":10,"column":4},"end":{"line":13,"column":8}},{"start":{"line":14,"column":4},"end":{"line":15,"column":66}},{"start":{"line":16,"column":4},"end":{"line":26,"column":9}},{"start":{"line":27,"column":4},"end":{"line":33,"column":10}},{"start":{"line":34,"column":4},"end":{"line":35,"column":19}}],"line":9},"3":{"loc":{"start":{"line":18,"column":8},"end":{"line":24,"column":9}},"type":"if","locations":[{"start":{"line":18,"column":8},"end":{"line":24,"column":9}},{"start":{"line":18,"column":8},"end":{"line":24,"column":9}}],"line":18}},"s":{"0":1,"1":5,"2":3,"3":0,"4":1,"5":2,"6":1,"7":1,"8":1,"9":0,"10":1,"11":0,"12":0,"13":0},"f":{"0":5,"1":3,"2":2,"3":1,"4":0,"5":0},"b":{"0":[5,4],"1":[0],"2":[0,1,1,1,0],"3":[1,0]},"_coverageSchema":"43e27e138ebf9cfc5966b082cf9a028302ed4184","hash":"2b4cc0a703f12d86b1d747e421fdc02d527de56a"}
}
