TN:
SF:C:\Users\pc\Documents\test-jest\test-React\src\App.js
FN:10,(anonymous_0)
FN:17,(anonymous_1)
FNF:2
FNH:0
FNDA:0,(anonymous_0)
FNDA:0,(anonymous_1)
DA:11,0
DA:17,0
LF:2
LH:0
BRF:0
BRH:0
end_of_record
TN:
SF:C:\Users\pc\Documents\test-jest\test-React\src\babel.config.js
FNF:0
FNH:0
DA:1,0
LF:1
LH:0
BRF:0
BRH:0
end_of_record
TN:
SF:C:\Users\pc\Documents\test-jest\test-React\src\index.js
FNF:0
FNH:0
DA:17,0
DA:18,0
DA:20,0
DA:21,0
DA:22,0
DA:24,0
LF:6
LH:0
BRF:0
BRH:0
end_of_record
TN:
SF:C:\Users\pc\Documents\test-jest\test-React\src\utils.js
FN:1,(anonymous_0)
FN:10,timestampToDays
FN:14,generateId
FNF:3
FNH:3
FNDA:2,(anonymous_0)
FNDA:3,timestampToDays
FNDA:1,generateId
DA:1,3
DA:5,3
DA:6,3
DA:7,3
DA:8,3
DA:11,3
DA:15,1
LF:7
LH:7
BRF:0
BRH:0
end_of_record
TN:
SF:C:\Users\pc\Documents\test-jest\test-React\src\webpack.config.js
FNF:0
FNH:0
DA:1,0
LF:1
LH:0
BRF:0
BRH:0
end_of_record
TN:
SF:C:\Users\pc\Documents\test-jest\test-React\src\actions\categories.js
FN:4,(anonymous_0)
FN:8,(anonymous_1)
FN:10,(anonymous_2)
FN:13,(anonymous_3)
FN:13,(anonymous_4)
FNF:5
FNH:0
FNDA:0,(anonymous_0)
FNDA:0,(anonymous_1)
FNDA:0,(anonymous_2)
FNDA:0,(anonymous_3)
FNDA:0,(anonymous_4)
DA:1,0
DA:2,0
DA:4,0
DA:8,0
DA:10,0
DA:13,0
DA:14,0
DA:15,0
DA:16,0
LF:9
LH:0
BRF:0
BRH:0
end_of_record
TN:
SF:C:\Users\pc\Documents\test-jest\test-React\src\actions\products.js
FN:9,(anonymous_0)
FN:13,(anonymous_1)
FN:18,(anonymous_2)
FN:24,(anonymous_3)
FN:29,(anonymous_4)
FN:31,(anonymous_5)
FN:34,(anonymous_6)
FN:34,(anonymous_7)
FN:40,(anonymous_8)
FN:40,(anonymous_9)
FN:45,(anonymous_10)
FN:45,(anonymous_11)
FNF:12
FNH:7
FNDA:0,(anonymous_0)
FNDA:1,(anonymous_1)
FNDA:3,(anonymous_2)
FNDA:3,(anonymous_3)
FNDA:0,(anonymous_4)
FNDA:0,(anonymous_5)
FNDA:0,(anonymous_6)
FNDA:0,(anonymous_7)
FNDA:2,(anonymous_8)
FNDA:2,(anonymous_9)
FNDA:2,(anonymous_10)
FNDA:2,(anonymous_11)
DA:3,2
DA:4,2
DA:5,2
DA:6,2
DA:7,2
DA:9,2
DA:13,2
DA:18,3
DA:24,3
DA:29,2
DA:31,0
DA:34,2
DA:35,0
DA:36,0
DA:37,0
DA:40,2
DA:41,2
DA:42,2
DA:45,2
DA:46,2
DA:47,2
LF:21
LH:17
BRF:0
BRH:0
end_of_record
TN:
SF:C:\Users\pc\Documents\test-jest\test-React\src\components\Header\Header.js
FN:5,(anonymous_0)
FNF:1
FNH:1
FNDA:1,(anonymous_0)
DA:5,1
DA:6,1
DA:15,1
LF:3
LH:3
BRF:0
BRH:0
end_of_record
TN:
SF:C:\Users\pc\Documents\test-jest\test-React\src\components\Main\Main.js
FN:4,(anonymous_0)
FNF:1
FNH:0
FNDA:0,(anonymous_0)
DA:4,0
DA:6,0
LF:2
LH:0
BRF:0
BRH:0
end_of_record
TN:
SF:C:\Users\pc\Documents\test-jest\test-React\src\components\NotFound\NotFound.js
FN:3,(anonymous_0)
FNF:1
FNH:0
FNDA:0,(anonymous_0)
DA:3,0
LF:1
LH:0
BRF:0
BRH:0
end_of_record
TN:
SF:C:\Users\pc\Documents\test-jest\test-React\src\components\Products\Product.js
FN:10,(anonymous_0)
FN:20,(anonymous_1)
FN:31,(anonymous_2)
FNF:3
FNH:0
FNDA:0,(anonymous_0)
FNDA:0,(anonymous_1)
FNDA:0,(anonymous_2)
DA:7,1
DA:8,1
DA:10,1
DA:11,0
DA:12,0
DA:13,0
DA:15,0
DA:20,0
DA:32,0
DA:46,1
LF:10
LH:4
BRDA:11,0,0,0
BRDA:11,0,1,0
BRDA:12,1,0,0
BRDA:12,1,1,0
BRDA:13,2,0,0
BRDA:13,2,1,0
BRDA:26,3,0,0
BRDA:26,3,1,0
BRF:8
BRH:0
end_of_record
TN:
SF:C:\Users\pc\Documents\test-jest\test-React\src\components\Products\ProductsContainer.js
FN:10,(anonymous_0)
FN:16,(anonymous_1)
FN:27,(anonymous_2)
FN:30,(anonymous_3)
FN:31,(anonymous_4)
FNF:5
FNH:0
FNDA:0,(anonymous_0)
FNDA:0,(anonymous_1)
FNDA:0,(anonymous_2)
FNDA:0,(anonymous_3)
FNDA:0,(anonymous_4)
DA:11,0
DA:13,0
DA:16,0
DA:22,0
DA:27,0
DA:28,0
DA:30,0
DA:31,0
DA:33,0
DA:39,0
LF:10
LH:0
BRF:0
BRH:0
end_of_record
TN:
SF:C:\Users\pc\Documents\test-jest\test-React\src\components\Products\ProductsList.js
FN:7,(anonymous_0)
FN:12,(anonymous_1)
FN:14,(anonymous_2)
FNF:3
FNH:3
FNDA:1,(anonymous_0)
FNDA:1,(anonymous_1)
FNDA:3,(anonymous_2)
DA:7,1
DA:8,1
DA:10,1
DA:13,1
DA:15,3
DA:25,1
LF:6
LH:6
BRF:0
BRH:0
end_of_record
TN:
SF:C:\Users\pc\Documents\test-jest\test-React\src\components\Products\Add\AddFormContainer.js
FN:9,(anonymous_0)
FN:16,(anonymous_1)
FN:30,(anonymous_2)
FNF:3
FNH:0
FNDA:0,(anonymous_0)
FNDA:0,(anonymous_1)
FNDA:0,(anonymous_2)
DA:10,0
DA:12,0
DA:17,0
DA:26,0
DA:30,0
DA:31,0
LF:6
LH:0
BRF:0
BRH:0
end_of_record
TN:
SF:C:\Users\pc\Documents\test-jest\test-React\src\components\Products\Update\ProductForm.js
FN:7,(anonymous_0)
FN:19,(anonymous_1)
FN:48,(anonymous_2)
FN:60,(anonymous_3)
FN:70,(anonymous_4)
FN:77,(anonymous_5)
FN:92,(anonymous_6)
FN:93,(anonymous_7)
FN:93,(anonymous_8)
FN:97,(anonymous_9)
FN:106,(anonymous_10)
FN:118,(anonymous_11)
FN:126,(anonymous_12)
FN:132,(anonymous_13)
FNF:14
FNH:4
FNDA:2,(anonymous_0)
FNDA:1,(anonymous_1)
FNDA:0,(anonymous_2)
FNDA:0,(anonymous_3)
FNDA:0,(anonymous_4)
FNDA:22,(anonymous_5)
FNDA:0,(anonymous_6)
FNDA:0,(anonymous_7)
FNDA:0,(anonymous_8)
FNDA:22,(anonymous_9)
FNDA:0,(anonymous_10)
FNDA:0,(anonymous_11)
FNDA:0,(anonymous_12)
FNDA:0,(anonymous_13)
DA:7,1
DA:8,2
DA:10,2
DA:11,2
DA:12,2
DA:13,2
DA:14,2
DA:15,2
DA:16,2
DA:17,2
DA:19,2
DA:20,1
DA:22,1
DA:23,1
DA:25,0
DA:37,2
DA:48,0
DA:60,0
DA:71,0
DA:72,0
DA:78,22
DA:93,0
DA:98,22
DA:106,0
DA:118,0
DA:126,0
DA:132,0
DA:142,1
LF:28
LH:18
BRDA:8,0,0,2
BRDA:10,1,0,2
BRDA:10,1,1,2
BRDA:11,2,0,2
BRDA:11,2,1,2
BRDA:12,3,0,2
BRDA:12,3,1,2
BRDA:13,4,0,2
BRDA:13,4,1,2
BRDA:14,5,0,2
BRDA:14,5,1,2
BRDA:15,6,0,2
BRDA:15,6,1,2
BRDA:16,7,0,2
BRDA:16,7,1,2
BRDA:17,8,0,2
BRDA:17,8,1,2
BRDA:22,9,0,1
BRDA:22,9,1,0
BRDA:22,10,0,1
BRDA:22,10,1,0
BRDA:22,10,2,0
BRDA:72,11,0,0
BRDA:72,11,1,0
BRDA:93,12,0,0
BRDA:93,12,1,0
BRF:26
BRH:19
end_of_record
TN:
SF:C:\Users\pc\Documents\test-jest\test-React\src\components\Products\Update\UpdateFormContainer.js
FN:10,(anonymous_0)
FN:21,(anonymous_1)
FN:38,(anonymous_2)
FNF:3
FNH:0
FNDA:0,(anonymous_0)
FNDA:0,(anonymous_1)
FNDA:0,(anonymous_2)
DA:11,0
DA:13,0
DA:14,0
DA:17,0
DA:22,0
DA:32,0
DA:38,0
DA:39,0
LF:8
LH:0
BRDA:13,0,0,0
BRDA:13,0,1,0
BRF:2
BRH:0
end_of_record
TN:
SF:C:\Users\pc\Documents\test-jest\test-React\src\components\Products\Update\validators.js
FN:3,(anonymous_0)
FN:7,(anonymous_1)
FN:10,(anonymous_2)
FNF:3
FNH:3
FNDA:4,(anonymous_0)
FNDA:6,(anonymous_1)
FNDA:5,(anonymous_2)
DA:3,2
DA:4,4
DA:7,2
DA:8,6
DA:10,2
DA:11,5
DA:12,5
DA:13,5
LF:8
LH:8
BRDA:4,0,0,4
BRDA:4,0,1,1
BRDA:8,1,0,6
BRDA:8,1,1,2
BRDA:13,2,0,5
BRDA:13,2,1,3
BRF:6
BRH:6
end_of_record
TN:
SF:C:\Users\pc\Documents\test-jest\test-React\src\gateways\CategoryApi.js
FN:4,(anonymous_0)
FNF:1
FNH:0
FNDA:0,(anonymous_0)
DA:4,0
DA:5,0
DA:9,0
LF:3
LH:0
BRF:0
BRH:0
end_of_record
TN:
SF:C:\Users\pc\Documents\test-jest\test-React\src\gateways\ProductApi.js
FN:4,(anonymous_0)
FNF:1
FNH:0
FNDA:0,(anonymous_0)
DA:4,2
DA:5,0
DA:9,2
LF:3
LH:2
BRF:0
BRH:0
end_of_record
TN:
SF:C:\Users\pc\Documents\test-jest\test-React\src\mocks\categories.js
FNF:0
FNH:0
DA:1,1
LF:1
LH:1
BRF:0
BRH:0
end_of_record
TN:
SF:C:\Users\pc\Documents\test-jest\test-React\src\mocks\products.js
FNF:0
FNH:0
DA:1,3
LF:1
LH:1
BRF:0
BRH:0
end_of_record
TN:
SF:C:\Users\pc\Documents\test-jest\test-React\src\reducers\categories.js
FN:3,categories
FN:14,getCategoriesById
FN:15,(anonymous_2)
FNF:3
FNH:0
FNDA:0,categories
FNDA:0,getCategoriesById
FNDA:0,(anonymous_2)
DA:4,0
DA:6,0
DA:10,0
DA:15,0
DA:16,0
LF:5
LH:0
BRDA:3,0,0,0
BRDA:4,1,0,0
BRDA:4,1,1,0
BRF:3
BRH:0
end_of_record
TN:
SF:C:\Users\pc\Documents\test-jest\test-React\src\reducers\index.js
FNF:0
FNH:0
LF:0
LH:0
BRF:0
BRH:0
end_of_record
TN:
SF:C:\Users\pc\Documents\test-jest\test-React\src\reducers\products.js
FN:6,(anonymous_0)
FN:8,products
FN:15,(anonymous_2)
FN:17,(anonymous_3)
FN:39,getProductById
FN:40,(anonymous_5)
FNF:6
FNH:4
FNDA:5,(anonymous_0)
FNDA:3,products
FNDA:2,(anonymous_2)
FNDA:1,(anonymous_3)
FNDA:0,getProductById
FNDA:0,(anonymous_5)
DA:6,5
DA:9,3
DA:11,0
DA:15,2
DA:17,1
DA:18,1
DA:19,1
DA:25,0
DA:28,1
DA:35,0
DA:40,0
LF:11
LH:7
BRDA:6,0,0,5
BRDA:6,0,1,4
BRDA:8,1,0,0
BRDA:9,2,0,0
BRDA:9,2,1,1
BRDA:9,2,2,1
BRDA:9,2,3,1
BRDA:9,2,4,0
BRDA:18,3,0,1
BRDA:18,3,1,0
BRF:10
BRH:6
end_of_record
